<?xml version="1.0" encoding="UTF-8"?>
<testng-results skipped="0" failed="0" ignored="0" total="1" passed="1">
  <reporter-output>
  </reporter-output>
  <suite name="Default suite" duration-ms="57727" started-at="2021-07-09T12:57:34Z" finished-at="2021-07-09T12:58:32Z">
    <groups>
    </groups>
    <test name="Default test" duration-ms="57727" started-at="2021-07-09T12:57:34Z" finished-at="2021-07-09T12:58:32Z">
      <class name="com.Gmail.SpringGmail.tests.ForgotUNTests">
        <test-method status="PASS" signature="springTestContextBeforeTestClass()[pri:0, instance:com.Gmail.SpringGmail.tests.ForgotUNTests@51dcb805]" name="springTestContextBeforeTestClass" is-config="true" duration-ms="36" started-at="2021-07-09T12:57:34Z" finished-at="2021-07-09T12:57:34Z">
          <reporter-output>
          </reporter-output>
        </test-method> <!-- springTestContextBeforeTestClass -->
        <test-method status="PASS" signature="springTestContextPrepareTestInstance()[pri:0, instance:com.Gmail.SpringGmail.tests.ForgotUNTests@51dcb805]" name="springTestContextPrepareTestInstance" is-config="true" duration-ms="26172" started-at="2021-07-09T12:57:34Z" depends-on-methods="org.springframework.test.context.testng.AbstractTestNGSpringContextTests.springTestContextBeforeTestClass" finished-at="2021-07-09T12:58:00Z">
          <reporter-output>
          </reporter-output>
        </test-method> <!-- springTestContextPrepareTestInstance -->
        <test-method status="PASS" signature="springTestContextBeforeTestMethod(java.lang.reflect.Method)[pri:0, instance:com.Gmail.SpringGmail.tests.ForgotUNTests@51dcb805]" name="springTestContextBeforeTestMethod" is-config="true" duration-ms="14" started-at="2021-07-09T12:58:00Z" finished-at="2021-07-09T12:58:00Z">
          <params>
            <param index="0">
              <value>
                <![CDATA[public void com.Gmail.SpringGmail.tests.ForgotUNTests.forgotUNcheck() throws java.lang.InterruptedException]]>
              </value>
            </param>
          </params>
          <reporter-output>
          </reporter-output>
        </test-method> <!-- springTestContextBeforeTestMethod -->
        <test-method status="PASS" signature="launchApp()[pri:0, instance:com.Gmail.SpringGmail.tests.ForgotUNTests@51dcb805]" name="launchApp" is-config="true" duration-ms="9918" started-at="2021-07-09T12:58:00Z" finished-at="2021-07-09T12:58:10Z">
          <reporter-output>
          </reporter-output>
        </test-method> <!-- launchApp -->
        <test-method status="PASS" signature="forgotUNcheck()[pri:0, instance:com.Gmail.SpringGmail.tests.ForgotUNTests@51dcb805]" name="forgotUNcheck" duration-ms="17501" started-at="2021-07-09T12:58:10Z" finished-at="2021-07-09T12:58:28Z">
          <reporter-output>
          </reporter-output>
        </test-method> <!-- forgotUNcheck -->
        <test-method status="PASS" signature="closeAll()[pri:0, instance:com.Gmail.SpringGmail.tests.ForgotUNTests@51dcb805]" name="closeAll" is-config="true" duration-ms="4003" started-at="2021-07-09T12:58:28Z" finished-at="2021-07-09T12:58:32Z">
          <reporter-output>
          </reporter-output>
        </test-method> <!-- closeAll -->
        <test-method status="PASS" signature="springTestContextAfterTestMethod(java.lang.reflect.Method)[pri:0, instance:com.Gmail.SpringGmail.tests.ForgotUNTests@51dcb805]" name="springTestContextAfterTestMethod" is-config="true" duration-ms="23" started-at="2021-07-09T12:58:32Z" finished-at="2021-07-09T12:58:32Z">
          <params>
            <param index="0">
              <value>
                <![CDATA[public void com.Gmail.SpringGmail.tests.ForgotUNTests.forgotUNcheck() throws java.lang.InterruptedException]]>
              </value>
            </param>
          </params>
          <reporter-output>
          </reporter-output>
        </test-method> <!-- springTestContextAfterTestMethod -->
        <test-method status="PASS" signature="springTestContextAfterTestClass()[pri:0, instance:com.Gmail.SpringGmail.tests.ForgotUNTests@51dcb805]" name="springTestContextAfterTestClass" is-config="true" duration-ms="1" started-at="2021-07-09T12:58:32Z" finished-at="2021-07-09T12:58:32Z">
          <reporter-output>
          </reporter-output>
        </test-method> <!-- springTestContextAfterTestClass -->
      </class> <!-- com.Gmail.SpringGmail.tests.ForgotUNTests -->
    </test> <!-- Default test -->
  </suite> <!-- Default suite -->
</testng-results>
